#
# A fatal error has been detected by the Java Runtime Environment:
#
#  Internal Error (javaCalls.cpp:51), pid=12476, tid=0x0000000000000508
#  guarantee(thread->is_Java_thread()) failed: crucial check - the VM thread cannot and must not escape to Java code
#
# JRE version: Java(TM) SE Runtime Environment (8.0_241-b07) (build 1.8.0_241-b07)
# Java VM: Java HotSpot(TM) 64-Bit Server VM (25.241-b07 mixed mode windows-amd64 compressed oops)
# Failed to write core dump. Minidumps are not enabled by default on client versions of Windows
#
# If you would like to submit a bug report, please visit:
#   http://bugreport.java.com/bugreport/crash.jsp
#

---------------  T H R E A D  ---------------

Current thread (0x0000000019d27800):  VMThread [stack: 0x000000001adb0000,0x000000001aeb0000] [id=1288]

Stack: [0x000000001adb0000,0x000000001aeb0000]
[error occurred during error reporting (printing stack bounds), id 0xc0000005]

Native frames: (J=compiled Java code, j=interpreted, Vv=VM code, C=native code)

VM_Operation (0x000000001b7ef0a0): GetOrSetLocal, mode: safepoint, requested by thread 0x0000000019d69800


---------------  P R O C E S S  ---------------

Java Threads: ( => current thread )
  0x000000001c9eb000 JavaThread "mysql-cj-abandoned-connection-cleanup" daemon [_thread_blocked, id=3520, stack(0x000000001cbf0000,0x000000001ccf0000)]
  0x000000001bbaa000 JavaThread "Service Thread" daemon [_thread_blocked, id=6280, stack(0x000000001c0f0000,0x000000001c1f0000)]
  0x000000001bbb1800 JavaThread "C1 CompilerThread2" daemon [_thread_blocked, id=6264, stack(0x000000001bff0000,0x000000001c0f0000)]
  0x000000001bbae800 JavaThread "C2 CompilerThread1" daemon [_thread_blocked, id=6236, stack(0x000000001bef0000,0x000000001bff0000)]
  0x000000001bbae000 JavaThread "C2 CompilerThread0" daemon [_thread_blocked, id=6252, stack(0x000000001bdf0000,0x000000001bef0000)]
  0x0000000019d7a800 JavaThread "JDWP Command Reader" daemon [_thread_in_native, id=3960, stack(0x000000001b8f0000,0x000000001b9f0000)]
  0x0000000019d79800 JavaThread "JDWP Event Helper Thread" daemon [_thread_blocked, id=3128, stack(0x000000001b7f0000,0x000000001b8f0000)]
  0x0000000019d69800 JavaThread "JDWP Transport Listener: dt_socket" daemon [_thread_blocked, id=9452, stack(0x000000001b6f0000,0x000000001b7f0000)]
  0x0000000019d60800 JavaThread "Attach Listener" daemon [_thread_blocked, id=4028, stack(0x000000001b2b0000,0x000000001b3b0000)]
  0x0000000019d5f000 JavaThread "Signal Dispatcher" daemon [_thread_blocked, id=6028, stack(0x000000001b1b0000,0x000000001b2b0000)]
  0x0000000019d4a800 JavaThread "Finalizer" daemon [_thread_blocked, id=1268, stack(0x000000001afb0000,0x000000001b0b0000)]
  0x0000000019d29000 JavaThread "Reference Handler" daemon [_thread_blocked, id=4928, stack(0x000000001aeb0000,0x000000001afb0000)]
  0x00000000034a3800 JavaThread "main" [_thread_blocked, id=7500, stack(0x0000000003220000,0x0000000003320000)]

Other Threads:
=>0x0000000019d27800 VMThread [stack: 0x000000001adb0000,0x000000001aeb0000] [id=1288]
  0x000000001bca0800 WatcherThread [stack: 0x000000001c1f0000,0x000000001c2f0000] [id=6384]

VM state:at safepoint (normal execution)

VM Mutex/Monitor currently owned by a thread:  ([mutex/lock_event])
[0x00000000034a0950] Threads_lock - owner thread: 0x0000000019d27800

heap address: 0x0000000710a00000, size: 2806 MB, Compressed Oops mode: Zero based, Oop shift amount: 3
Narrow klass base: 0x0000000000000000, Narrow klass shift: 3
Compressed class space size: 1073741824 Address: 0x00000007c0000000

Heap:
 PSYoungGen      total 52736K, used 15334K [0x0000000785900000, 0x0000000789380000, 0x00000007c0000000)
  eden space 45568K, 21% used [0x0000000785900000,0x000000078628bc90,0x0000000788580000)
  from space 7168K, 77% used [0x0000000788580000,0x0000000788aedf08,0x0000000788c80000)
  to   space 7168K, 0% used [0x0000000788c80000,0x0000000788c80000,0x0000000789380000)
 ParOldGen       total 120320K, used 8K [0x0000000710a00000, 0x0000000717f80000, 0x0000000785900000)
  object space 120320K, 0% used [0x0000000710a00000,0x0000000710a02000,0x0000000717f80000)
 Metaspace       used 11986K, capacity 12210K, committed 12416K, reserved 1060864K
  class space    used 1339K, capacity 1401K, committed 1408K, reserved 1048576K

Card table byte_map: [0x0000000012960000,0x0000000012ee0000] byte_map_base: 0x000000000f0db000

Marking Bits: (ParMarkBitMap*) 0x000000006ef5be30
 Begin Bits: [0x0000000013690000, 0x0000000016268000)
 End Bits:   [0x0000000016268000, 0x0000000018e40000)

Polling page: 0x00000000014b0000

CodeCache: size=245760Kb used=4911Kb max_used=4940Kb free=240848Kb
 bounds [0x00000000035a0000, 0x0000000003a90000, 0x00000000125a0000]
 total_blobs=1447 nmethods=1069 adapters=299
 compilation: enabled

Compilation events (10 events):
Event: 908.036 Thread 0x000000001bbae000 1065   !   4       sun.misc.URLClassPath$JarLoader::getResource (85 bytes)
Event: 908.072 Thread 0x000000001bbae000 nmethod 1065 0x0000000003a58bd0 code [0x0000000003a58f80, 0x0000000003a5ae38]
Event: 928.055 Thread 0x000000001bbb1800 1066       3       java.net.URLClassLoader$2::run (5 bytes)
Event: 928.055 Thread 0x000000001bbb1800 nmethod 1066 0x0000000003a091d0 code [0x0000000003a09340, 0x0000000003a095a8]
Event: 928.056 Thread 0x000000001bbb1800 1067       3       java.net.URLClassLoader$2::run (16 bytes)
Event: 928.056 Thread 0x000000001bbb1800 nmethod 1067 0x0000000003a08d90 code [0x0000000003a08f00, 0x0000000003a090e8]
Event: 1243.136 Thread 0x000000001bbb1800 1068       3       sun.misc.URLClassPath$FileLoader::findResource (18 bytes)
Event: 1243.136 Thread 0x000000001bbb1800 nmethod 1068 0x0000000003a08850 code [0x0000000003a089c0, 0x0000000003a08c98]
Event: 1278.144 Thread 0x000000001bbb1800 1069   !   3       com.mysql.cj.jdbc.AbandonedConnectionCleanupThread::checkThreadContextClassLoader (20 bytes)
Event: 1278.144 Thread 0x000000001bbb1800 nmethod 1069 0x0000000003a07090 code [0x0000000003a072c0, 0x0000000003a08078]

GC Heap History (2 events):
Event: 3.321 GC heap before
{Heap before GC invocations=1 (full 0):
 PSYoungGen      total 52736K, used 45568K [0x0000000785900000, 0x0000000789380000, 0x00000007c0000000)
  eden space 45568K, 100% used [0x0000000785900000,0x0000000788580000,0x0000000788580000)
  from space 7168K, 0% used [0x0000000788c80000,0x0000000788c80000,0x0000000789380000)
  to   space 7168K, 0% used [0x0000000788580000,0x0000000788580000,0x0000000788c80000)
 ParOldGen       total 120320K, used 0K [0x0000000710a00000, 0x0000000717f80000, 0x0000000785900000)
  object space 120320K, 0% used [0x0000000710a00000,0x0000000710a00000,0x0000000717f80000)
 Metaspace       used 11000K, capacity 11202K, committed 11392K, reserved 1058816K
  class space    used 1215K, capacity 1299K, committed 1408K, reserved 1048576K
Event: 3.327 GC heap after
Heap after GC invocations=1 (full 0):
 PSYoungGen      total 52736K, used 5559K [0x0000000785900000, 0x0000000789380000, 0x00000007c0000000)
  eden space 45568K, 0% used [0x0000000785900000,0x0000000785900000,0x0000000788580000)
  from space 7168K, 77% used [0x0000000788580000,0x0000000788aedf08,0x0000000788c80000)
  to   space 7168K, 0% used [0x0000000788c80000,0x0000000788c80000,0x0000000789380000)
 ParOldGen       total 120320K, used 8K [0x0000000710a00000, 0x0000000717f80000, 0x0000000785900000)
  object space 120320K, 0% used [0x0000000710a00000,0x0000000710a02000,0x0000000717f80000)
 Metaspace       used 11000K, capacity 11202K, committed 11392K, reserved 1058816K
  class space    used 1215K, capacity 1299K, committed 1408K, reserved 1048576K
}

Deoptimization events (8 events):
Event: 2.696 Thread 0x00000000034a3800 Uncommon trap: reason=unstable_if action=reinterpret pc=0x000000000373f2e4 method=org.eclipse.jdt.launching.internal.org.objectweb.asm.ClassReader.readUTF8(I[C)Ljava/lang/String; @ 11
Event: 3.310 Thread 0x00000000034a3800 Uncommon trap: reason=unstable_if action=reinterpret pc=0x0000000003967934 method=sun.misc.MetaIndex.mayContain(Ljava/lang/String;)Z @ 38
Event: 3.310 Thread 0x00000000034a3800 Uncommon trap: reason=unstable_if action=reinterpret pc=0x0000000003941970 method=sun.misc.MetaIndex.mayContain(Ljava/lang/String;)Z @ 38
Event: 3.391 Thread 0x00000000034a3800 Uncommon trap: reason=unstable_if action=reinterpret pc=0x00000000039847bc method=sun.nio.cs.UTF_8$Decoder.decode([BII[C)I @ 30
Event: 3.425 Thread 0x00000000034a3800 Uncommon trap: reason=unstable_if action=reinterpret pc=0x00000000038fee7c method=java.util.Properties$LineReader.readLine()I @ 174
Event: 3.426 Thread 0x00000000034a3800 Uncommon trap: reason=unstable_if action=reinterpret pc=0x0000000003861b18 method=java.util.Properties$LineReader.readLine()I @ 174
Event: 3.426 Thread 0x00000000034a3800 Uncommon trap: reason=unstable_if action=reinterpret pc=0x0000000003860654 method=java.util.Properties.loadConvert([CII[C)Ljava/lang/String; @ 4
Event: 9.007 Thread 0x00000000034a3800 Uncommon trap: reason=unstable_if action=reinterpret pc=0x00000000039de63c method=java.util.LinkedHashMap.get(Ljava/lang/Object;)Ljava/lang/Object; @ 20

Classes redefined (6 events):
Event: 307.403 Thread 0x0000000019d27800 redefined class name=com.laptrinhjavaweb.repository.impl.SimpleJpaRepository, count=1
Event: 544.929 Thread 0x0000000019d27800 redefined class name=com.laptrinhjavaweb.repository.impl.SimpleJpaRepository, count=2
Event: 1251.025 Thread 0x0000000019d27800 redefined class name=com.laptrinhjavaweb.controller.BuildingController, count=1
Event: 1299.365 Thread 0x0000000019d27800 redefined class name=com.laptrinhjavaweb.service.impl.BuildingService, count=1
Event: 1337.809 Thread 0x0000000019d27800 redefined class name=com.laptrinhjavaweb.service.impl.BuildingService, count=2
Event: 1343.191 Thread 0x0000000019d27800 redefined class name=com.laptrinhjavaweb.service.impl.BuildingService, count=3

Internal exceptions (10 events):
Event: 2.709 Thread 0x00000000034a3800 Exception <a 'java/lang/ArrayIndexOutOfBoundsException'> (0x0000000786351d10) thrown at [C:\ade\jenkins\workspace\8-2-build-windows-amd64-cygwin\jdk8u241\331\hotspot\src\share\vm\runtime\sharedRuntime.cpp, line 605]
Event: 2.791 Thread 0x00000000034a3800 Exception <a 'java/lang/NoSuchFieldError': method resolution failed> (0x00000007865de220) thrown at [C:\ade\jenkins\workspace\8-2-build-windows-amd64-cygwin\jdk8u241\331\hotspot\src\share\vm\prims\methodHandles.cpp, line 1167]
Event: 2.794 Thread 0x00000000034a3800 Exception <a 'java/lang/NoSuchFieldError': method resolution failed> (0x00000007865ebde0) thrown at [C:\ade\jenkins\workspace\8-2-build-windows-amd64-cygwin\jdk8u241\331\hotspot\src\share\vm\prims\methodHandles.cpp, line 1167]
Event: 3.304 Thread 0x00000000034a3800 Exception <a 'java/lang/NoClassDefFoundError': org/apache/log4j/Priority> (0x00000007884a4948) thrown at [C:\ade\jenkins\workspace\8-2-build-windows-amd64-cygwin\jdk8u241\331\hotspot\src\share\vm\classfile\systemDictionary.cpp, line 199]
Event: 3.378 Thread 0x00000000034a3800 Exception <a 'java/lang/ClassNotFoundException': com/laptrinhjavaweb/entity/BuildingEntityBeanInfo> (0x0000000785b7c1d8) thrown at [C:\ade\jenkins\workspace\8-2-build-windows-amd64-cygwin\jdk8u241\331\hotspot\src\share\vm\classfile\systemDictionary.cpp, l
Event: 3.378 Thread 0x00000000034a3800 Exception <a 'java/lang/ClassNotFoundException': java/lang/ObjectBeanInfo> (0x0000000785b7eeb8) thrown at [C:\ade\jenkins\workspace\8-2-build-windows-amd64-cygwin\jdk8u241\331\hotspot\src\share\vm\classfile\systemDictionary.cpp, line 210]
Event: 3.379 Thread 0x00000000034a3800 Exception <a 'java/lang/ClassNotFoundException': java/lang/ObjectCustomizer> (0x0000000785b822f0) thrown at [C:\ade\jenkins\workspace\8-2-build-windows-amd64-cygwin\jdk8u241\331\hotspot\src\share\vm\classfile\systemDictionary.cpp, line 210]
Event: 3.382 Thread 0x00000000034a3800 Exception <a 'java/lang/ArrayIndexOutOfBoundsException'> (0x0000000785b8fd30) thrown at [C:\ade\jenkins\workspace\8-2-build-windows-amd64-cygwin\jdk8u241\331\hotspot\src\share\vm\runtime\sharedRuntime.cpp, line 605]
Event: 3.382 Thread 0x00000000034a3800 Exception <a 'java/lang/ArrayIndexOutOfBoundsException'> (0x0000000785b93268) thrown at [C:\ade\jenkins\workspace\8-2-build-windows-amd64-cygwin\jdk8u241\331\hotspot\src\share\vm\runtime\sharedRuntime.cpp, line 605]
Event: 3.384 Thread 0x00000000034a3800 Exception <a 'java/lang/ClassNotFoundException': com/laptrinhjavaweb/entity/BuildingEntityCustomizer> (0x0000000785ba1558) thrown at [C:\ade\jenkins\workspace\8-2-build-windows-amd64-cygwin\jdk8u241\331\hotspot\src\share\vm\classfile\systemDictionary.cpp,

Events (10 events):
Event: 1555.968 Executing VM operation: GetCurrentContendedMonitor done
Event: 1555.969 Executing VM operation: GetCurrentContendedMonitor
Event: 1555.969 Executing VM operation: GetCurrentContendedMonitor done
Event: 1555.969 Executing VM operation: GetOwnedMonitorInfo
Event: 1555.969 Executing VM operation: GetOwnedMonitorInfo done
Event: 1555.982 Executing VM operation: GetOwnedMonitorInfo
Event: 1555.982 Executing VM operation: GetOwnedMonitorInfo done
Event: 1555.982 Executing VM operation: GetCurrentContendedMonitor
Event: 1555.982 Executing VM operation: GetCurrentContendedMonitor done
Event: 1555.982 Executing VM operation: GetOrSetLocal


Dynamic libraries:
0x00007ff764ae0000 - 0x00007ff764b17000 	C:\Program Files\Java\jre1.8.0_241\bin\javaw.exe
0x00007ffffbba0000 - 0x00007ffffbd90000 	C:\WINDOWS\SYSTEM32\ntdll.dll
0x00007ffffa6e0000 - 0x00007ffffa792000 	C:\WINDOWS\System32\KERNEL32.DLL
0x00007ffff9350000 - 0x00007ffff95f4000 	C:\WINDOWS\System32\KERNELBASE.dll
0x00007ffff9e40000 - 0x00007ffff9ee3000 	C:\WINDOWS\System32\ADVAPI32.dll
0x00007ffffa7a0000 - 0x00007ffffa83e000 	C:\WINDOWS\System32\msvcrt.dll
0x00007ffff9d90000 - 0x00007ffff9e27000 	C:\WINDOWS\System32\sechost.dll
0x00007ffffb940000 - 0x00007ffffba60000 	C:\WINDOWS\System32\RPCRT4.dll
0x00007ffffb730000 - 0x00007ffffb8c4000 	C:\WINDOWS\System32\USER32.dll
0x00007ffff9a90000 - 0x00007ffff9ab1000 	C:\WINDOWS\System32\win32u.dll
0x00007ffffa970000 - 0x00007ffffa996000 	C:\WINDOWS\System32\GDI32.dll
0x00007ffff9650000 - 0x00007ffff97e4000 	C:\WINDOWS\System32\gdi32full.dll
0x00007ffff97f0000 - 0x00007ffff988e000 	C:\WINDOWS\System32\msvcp_win.dll
0x00007ffff9af0000 - 0x00007ffff9bea000 	C:\WINDOWS\System32\ucrtbase.dll
0x00007fffe0e20000 - 0x00007fffe10a4000 	C:\WINDOWS\WinSxS\amd64_microsoft.windows.common-controls_6595b64144ccf1df_6.0.18362.836_none_e6c4b943130f18ed\COMCTL32.dll
0x00007ffffa370000 - 0x00007ffffa6a6000 	C:\WINDOWS\System32\combase.dll
0x00007ffff8b30000 - 0x00007ffff8bb0000 	C:\WINDOWS\System32\bcryptPrimitives.dll
0x00007ffffbb30000 - 0x00007ffffbb5e000 	C:\WINDOWS\System32\IMM32.DLL
0x000000006e650000 - 0x000000006e722000 	C:\Program Files\Java\jre1.8.0_241\bin\msvcr100.dll
0x000000006e730000 - 0x000000006efdc000 	C:\Program Files\Java\jre1.8.0_241\bin\server\jvm.dll
0x00007ffffa360000 - 0x00007ffffa368000 	C:\WINDOWS\System32\PSAPI.DLL
0x00007fffe5a90000 - 0x00007fffe5a99000 	C:\WINDOWS\SYSTEM32\WSOCK32.dll
0x00007ffff6a00000 - 0x00007ffff6a24000 	C:\WINDOWS\SYSTEM32\WINMM.dll
0x00007ffffb8d0000 - 0x00007ffffb93f000 	C:\WINDOWS\System32\WS2_32.dll
0x00007ffff33c0000 - 0x00007ffff33ca000 	C:\WINDOWS\SYSTEM32\VERSION.dll
0x00007ffff6580000 - 0x00007ffff65ad000 	C:\WINDOWS\SYSTEM32\WINMMBASE.dll
0x00007ffff9600000 - 0x00007ffff964a000 	C:\WINDOWS\System32\cfgmgr32.dll
0x00007fffdba60000 - 0x00007fffdba6f000 	C:\Program Files\Java\jre1.8.0_241\bin\verify.dll
0x00007fffbedd0000 - 0x00007fffbedf9000 	C:\Program Files\Java\jre1.8.0_241\bin\java.dll
0x00007ffff6c40000 - 0x00007ffff6c75000 	C:\Program Files\Java\jre1.8.0_241\bin\jdwp.dll
0x00007ffff6c30000 - 0x00007ffff6c38000 	C:\Program Files\Java\jre1.8.0_241\bin\npt.dll
0x00007ffff6c00000 - 0x00007ffff6c23000 	C:\Program Files\Java\jre1.8.0_241\bin\instrument.dll
0x00007fffbedb0000 - 0x00007fffbedc6000 	C:\Program Files\Java\jre1.8.0_241\bin\zip.dll
0x00007ffffad20000 - 0x00007ffffb404000 	C:\WINDOWS\System32\SHELL32.dll
0x00007ffffb520000 - 0x00007ffffb5c9000 	C:\WINDOWS\System32\shcore.dll
0x00007ffff8bb0000 - 0x00007ffff932e000 	C:\WINDOWS\System32\windows.storage.dll
0x00007ffff8a90000 - 0x00007ffff8ab3000 	C:\WINDOWS\System32\profapi.dll
0x00007ffff8ac0000 - 0x00007ffff8b0a000 	C:\WINDOWS\System32\powrprof.dll
0x00007ffff8a60000 - 0x00007ffff8a70000 	C:\WINDOWS\System32\UMPDC.dll
0x00007ffffbad0000 - 0x00007ffffbb22000 	C:\WINDOWS\System32\shlwapi.dll
0x00007ffff8a70000 - 0x00007ffff8a81000 	C:\WINDOWS\System32\kernel.appcore.dll
0x00007ffff9330000 - 0x00007ffff9347000 	C:\WINDOWS\System32\cryptsp.dll
0x00007ffff6bf0000 - 0x00007ffff6bf9000 	C:\Program Files\Java\jre1.8.0_241\bin\dt_socket.dll
0x00007fffe1be0000 - 0x00007fffe1bf6000 	C:\WINDOWS\system32\napinsp.dll
0x00007fffe1b80000 - 0x00007fffe1b9a000 	C:\WINDOWS\system32\pnrpnsp.dll
0x00007ffff82d0000 - 0x00007ffff8337000 	C:\WINDOWS\System32\mswsock.dll
0x00007ffff8020000 - 0x00007ffff80eb000 	C:\WINDOWS\SYSTEM32\DNSAPI.dll
0x00007ffffa6d0000 - 0x00007ffffa6d8000 	C:\WINDOWS\System32\NSI.dll
0x00007ffff7fe0000 - 0x00007ffff801a000 	C:\WINDOWS\SYSTEM32\IPHLPAPI.DLL
0x00007fffe1b70000 - 0x00007fffe1b7e000 	C:\WINDOWS\System32\winrnr.dll
0x00007ffff43c0000 - 0x00007ffff43dc000 	C:\WINDOWS\system32\NLAapi.dll
0x00007ffff43a0000 - 0x00007ffff43b5000 	C:\WINDOWS\system32\wshbth.dll
0x00007ffff2e70000 - 0x00007ffff2ee7000 	C:\WINDOWS\System32\fwpuclnt.dll
0x00007ffff9ac0000 - 0x00007ffff9ae6000 	C:\WINDOWS\System32\bcrypt.dll
0x00007ffff0c60000 - 0x00007ffff0c6a000 	C:\Windows\System32\rasadhlp.dll
0x00007fffbed90000 - 0x00007fffbedaa000 	C:\Program Files\Java\jre1.8.0_241\bin\net.dll

VM Arguments:
jvm_args: -agentlib:jdwp=transport=dt_socket,suspend=y,address=localhost:60825 -javaagent:C:\Users\Long Nhat Nguyen\eclipse\jee-2020-033\eclipse\configuration\org.eclipse.osgi\411\0\.cp\lib\javaagent-shaded.jar -Dfile.encoding=UTF-8 
java_command: com.laptrinhjavaweb.controller.BuildingController
java_class_path (initial): C:\Users\Long Nhat Nguyen\Desktop\spring-mvc-01\target\classes;C:\Users\Long Nhat Nguyen\.m2\repository\org\modelmapper\modelmapper\2.3.7\modelmapper-2.3.7.jar;C:\Users\Long Nhat Nguyen\.m2\repository\opensymphony\sitemesh\2.4.2\sitemesh-2.4.2.jar;C:\Users\Long Nhat Nguyen\.m2\repository\org\springframework\spring-core\4.3.13.RELEASE\spring-core-4.3.13.RELEASE.jar;C:\Users\Long Nhat Nguyen\.m2\repository\commons-logging\commons-logging\1.2\commons-logging-1.2.jar;C:\Users\Long Nhat Nguyen\.m2\repository\mysql\mysql-connector-java\8.0.19\mysql-connector-java-8.0.19.jar;C:\Users\Long Nhat Nguyen\.m2\repository\com\google\protobuf\protobuf-java\3.6.1\protobuf-java-3.6.1.jar;C:\Users\Long Nhat Nguyen\.m2\repository\commons-beanutils\commons-beanutils\1.9.4\commons-beanutils-1.9.4.jar;C:\Users\Long Nhat Nguyen\.m2\repository\commons-collections\commons-collections\3.2.2\commons-collections-3.2.2.jar;C:\Users\Long Nhat Nguyen\.m2\repository\org\springframework\spring-web\4.3.13.RELEASE\spring-web-4.3.13.RELEASE.jar;C:\Users\Long Nhat Nguyen\.m2\repository\org\springframework\spring-aop\4.3.13.RELEASE\spring-aop-4.3.13.RELEASE.jar;C:\Users\Long Nhat Nguyen\.m2\repository\org\springframework\spring-beans\4.3.13.RELEASE\spring-beans-4.3.13.RELEASE.jar;C:\Users\Long Nhat Nguyen\.m2\repository\org\springframework\spring-webmvc\4.3.13.RELEASE\spring-webmvc-4.3.13.RELEASE.jar;C:\Users\Long Nhat Nguyen\.m2\repository\org\springframework\spring-expression\4.3.13.RELEASE\spring-expression-4.3.13.RELEASE.jar;C:\Users\Long Nhat Nguyen\.m2\repository\org\springframework\spring-tx\4.3.13.RELEASE\spring-tx-4.3.13.RELEASE.jar;C:\Users\Long Nhat Nguyen\.m2\repository\org\springframework\spring-orm\4.3.13.RELEASE\spring-orm-4.3.13.RELEASE.jar;C:\Users\Long Nhat Nguyen\.m2\repository\org\springframework\spring-jdbc\4.3.13.RELEASE\spring-jdbc-4.3.13.RELEASE.jar;C:\Users\Long Nhat Nguyen\.m2\repository\org\springframework\spring-context\4.3.13.RELEASE\spring-conte
Launcher Type: SUN_STANDARD

Environment Variables:
JAVA_HOME=C:\Program Files\Java\jdk1.8.0_241
PATH=C:/Program Files/Java/jre1.8.0_241/bin/server;C:/Program Files/Java/jre1.8.0_241/bin;C:/Program Files/Java/jre1.8.0_241/lib/amd64;C:\Program Files (x86)\Common Files\Oracle\Java\javapath;C:\WINDOWS\system32;C:\WINDOWS;C:\WINDOWS\System32\Wbem;C:\WINDOWS\System32\WindowsPowerShell\v1.0\;C:\WINDOWS\System32\OpenSSH\;D:\apache-maven-3.6.0\bin;C:\Program Files\Git\cmd;C:\Program Files\TortoiseGit\bin;C:\Program Files\MySQL\MySQL Shell 8.0\bin\;C:\Users\Long Nhat Nguyen\AppData\Local\Microsoft\WindowsApps;;C:\Users\Long Nhat Nguyen\AppData\Local\Programs\Microsoft VS Code\bin;C:\WINDOWS\system32;
USERNAME=Long Nhat Nguyen
OS=Windows_NT
PROCESSOR_IDENTIFIER=Intel64 Family 6 Model 60 Stepping 3, GenuineIntel



---------------  S Y S T E M  ---------------

OS: Windows 10.0 , 64 bit Build 18362 (10.0.18362.778)

CPU:total 4 (initial active 4) (4 cores per cpu, 1 threads per core) family 6 model 60 stepping 3, cmov, cx8, fxsr, mmx, sse, sse2, sse3, ssse3, sse4.1, sse4.2, popcnt, avx, avx2, aes, clmul, erms, lzcnt, tsc, tscinvbit, bmi1, bmi2

Memory: 4k page, physical 11491624k(6259936k free), swap 14244136k(6023340k free)

vm_info: Java HotSpot(TM) 64-Bit Server VM (25.241-b07) for windows-amd64 JRE (1.8.0_241-b07), built on Dec 11 2019 10:21:40 by "rejava" with MS VC++ 10.0 (VS2010)

time: Tue Jun 09 10:58:11 2020
timezone: SE Asia Standard Time
elapsed time: 1555 seconds (0d 0h 25m 55s)

